-------------------------------------------------------------------------------
Test set: com.ifpe.ts.testes.integracao.UITest
-------------------------------------------------------------------------------
Tests run: 1, Failures: 1, Errors: 0, Skipped: 0, Time elapsed: 11.059 s <<< FAILURE! - in com.ifpe.ts.testes.integracao.UITest
com.ifpe.ts.testes.integracao.UITest.clickPessoaMenu  Time elapsed: 10.998 s  <<< FAILURE!
org.junit.ComparisonFailure: [com.ifpe.ts.testes.integracao.GUI[name='frame0', title='', enabled=true, visible=true, showing=true] - property:'title'] expected:<"[[Aula Testes UI]]"> but was:<"[]">
	at com.ifpe.ts.testes.integracao.UITest.clickPessoaMenu(UITest.java:39)

