<?xml version="1.0" encoding="UTF-8"?>
<testsuite xmlns:xsi="http://www.w3.org/2001/XMLSchema-instance" xsi:noNamespaceSchemaLocation="https://maven.apache.org/surefire/maven-surefire-plugin/xsd/surefire-test-report-3.0.xsd" version="3.0" name="com.ifpe.ts.testes.integracao.RegistroTest" time="0.436" tests="2" errors="0" skipped="0" failures="1">
  <properties>
[...]
</properties>
  <testcase name="encontraValorTest" classname="com.ifpe.ts.testes.integracao.RegistroTest" time="0.388">
    <failure type="java.lang.AssertionError"><![CDATA[java.lang.AssertionError
	at com.ifpe.ts.testes.integracao.RegistroTest.encontraValorTest(RegistroTest.java:49)
]]></failure>
    <system-err><![CDATA[Loading class `com.mysql.jdbc.Driver'. This is deprecated. The new driver class is `com.mysql.cj.jdbc.Driver'. The driver is automatically registered via the SPI and manual loading of the driver class is generally unnecessary.
]]></system-err>
  </testcase>
  <testcase name="insertTest" classname="com.ifpe.ts.testes.integracao.RegistroTest" time="0.032"/>
</testsuite>